(0.3, 0.5, 0.63, 0.75) {'mean': 1.422400252039149, '1.1*mean': 1.564640277243064, '1.2*mean': 1.7068803024469787, 'median': 1.4004571943092907, '1.1*median': 1.54050291374022, '1.2*median': 1.6805486331711488}
(0.3, 0.5, 0.63, 0.8) {'mean': 1.4543838911614335, '1.1*mean': 1.599822280277577, '1.2*mean': 1.7452606693937203, 'median': 1.4328617097566, '1.1*median': 1.5761478807322602, '1.2*median': 1.71943405170792}
(0.3, 0.5, 0.63, 0.85) {'mean': 1.4863675302837178, '1.1*mean': 1.6350042833120897, '1.2*mean': 1.7836410363404613, 'median': 1.4645864779257878, '1.1*median': 1.6110451257183667, '1.2*median': 1.7575037735109453}
(0.3, 0.5, 0.68, 0.75) {'mean': 1.4564303216239725, '1.1*mean': 1.6020733537863698, '1.2*mean': 1.747716385948767, 'median': 1.4338375216977117, '1.1*median': 1.5772212738674831, '1.2*median': 1.720605026037254}
(0.3, 0.5, 0.68, 0.8) {'mean': 1.488413960746257, '1.1*mean': 1.6372553568208827, '1.2*mean': 1.7860967528955083, 'median': 1.466242037145021, '1.1*median': 1.6128662408595233, '1.2*median': 1.7594904445740254}
(0.3, 0.5, 0.68, 0.85) {'mean': 1.5182982495392685, '1.1*mean': 1.6701280744931954, '1.2*mean': 1.8219578994471222, 'median': 1.4943527875726408, '1.1*median': 1.643788066329905, '1.2*median': 1.7932233450871689}
(0.3, 0.5, 0.73, 0.75) {'mean': 1.4904603912087957, '1.1*mean': 1.6395064303296754, '1.2*mean': 1.7885524694505548, 'median': 1.4677057096352004, '1.1*median': 1.6144762805987205, '1.2*median': 1.7612468515622404}
(0.3, 0.5, 0.73, 0.8) {'mean': 1.5201952319040544, '1.1*mean': 1.67221475509446, '1.2*mean': 1.824234278284865, 'median': 1.4981397446905005, '1.1*median': 1.6479537191595506, '1.2*median': 1.7977676936286004}
(0.3, 0.5, 0.73, 0.85) {'mean': 1.5552789934577944, '1.1*mean': 1.710806892803574, '1.2*mean': 1.8663347921493532, 'median': 1.530393881571396, '1.1*median': 1.6834332697285357, '1.2*median': 1.8364726578856752}
(0.3, 0.55, 0.63, 0.75) {'mean': 1.4548225398060726, '1.1*mean': 1.60030479378668, '1.2*mean': 1.745787047767287, 'median': 1.4321602168702916, '1.1*median': 1.575376238557321, '1.2*median': 1.71859226024435}
(0.3, 0.55, 0.63, 0.8) {'mean': 1.4868061789283569, '1.1*mean': 1.6354867968211926, '1.2*mean': 1.7841674147140283, 'median': 1.464564732317601, '1.1*median': 1.6110212055493611, '1.2*median': 1.757477678781121}
(0.3, 0.55, 0.63, 0.85) {'mean': 1.5167864909654265, '1.1*mean': 1.6684651400619692, '1.2*mean': 1.8201437891585117, 'median': 1.494796737567936, '1.1*median': 1.64427641132473, '1.2*median': 1.7937560850815233}
(0.3, 0.55, 0.68, 0.75) {'mean': 1.4888526093908958, '1.1*mean': 1.6377378703299854, '1.2*mean': 1.786623131269075, 'median': 1.4655405442587126, '1.1*median': 1.612094598684584, '1.2*median': 1.758648653110455}
(0.3, 0.55, 0.68, 0.8) {'mean': 1.5186834733302126, '1.1*mean': 1.670551820663234, '1.2*mean': 1.822420167996255, 'median': 1.496149936035826, '1.1*median': 1.6457649296394086, '1.2*median': 1.795379923242991}
(0.3, 0.55, 0.68, 0.85) {'mean': 1.5537773684572291, '1.1*mean': 1.7091551053029521, '1.2*mean': 1.8645328421486749, 'median': 1.5281967069991127, '1.1*median': 1.6810163776990241, '1.2*median': 1.833836048398935}
(0.3, 0.55, 0.73, 0.75) {'mean': 1.5205804556949982, '1.1*mean': 1.6726385012644982, '1.2*mean': 1.8246965468339977, 'median': 1.4964467898011309, '1.1*median': 1.646091468781244, '1.2*median': 1.795736147761357}
(0.3, 0.55, 0.73, 0.8) {'mean': 1.55566820251457, '1.1*mean': 1.7112350227660271, '1.2*mean': 1.866801843017484, 'median': 1.5303394929220338, '1.1*median': 1.6833734422142372, '1.2*median': 1.8364073915064405}
(0.3, 0.55, 0.73, 0.85) {'mean': 1.588199601133091, '1.1*mean': 1.7470195612464003, '1.2*mean': 1.905839521359709, 'median': 1.5662718519498493, '1.1*median': 1.7228990371448343, '1.2*median': 1.879526222339819}
(0.3, 0.6, 0.63, 0.75) {'mean': 1.487244827572996, '1.1*mean': 1.6359693103302957, '1.2*mean': 1.784693793087595, 'median': 1.4638632394312925, '1.1*median': 1.6102495633744218, '1.2*median': 1.756635887317551}
(0.3, 0.6, 0.63, 0.8) {'mean': 1.5171717147563704, '1.1*mean': 1.6688888862320075, '1.2*mean': 1.8206060577076444, 'median': 1.493973323631447, '1.1*median': 1.6433706559945918, '1.2*median': 1.7927679883577363}
(0.3, 0.6, 0.63, 0.85) {'mean': 1.5522757434566639, '1.1*mean': 1.7075033178023304, '1.2*mean': 1.8627308921479966, 'median': 1.527718872919923, '1.1*median': 1.6804907602119155, '1.2*median': 1.8332626475039073}
(0.3, 0.6, 0.68, 0.75) {'mean': 1.5190686971211562, '1.1*mean': 1.670975566833272, '1.2*mean': 1.8228824365453873, 'median': 1.4937586013469535, '1.1*median': 1.643134461481649, '1.2*median': 1.792510321616344}
(0.3, 0.6, 0.68, 0.8) {'mean': 1.5541665775140048, '1.1*mean': 1.7095832352654055, '1.2*mean': 1.8649998930168057, 'median': 1.527717544542837, '1.1*median': 1.680489298997121, '1.2*median': 1.8332610534514044}
(0.3, 0.6, 0.68, 0.85) {'mean': 1.5866087874746637, '1.1*mean': 1.7452696662221303, '1.2*mean': 1.9039305449695965, 'median': 1.562528127543993, '1.1*median': 1.7187809402983925, '1.2*median': 1.8750337530527916}
(0.3, 0.6, 0.73, 0.75) {'mean': 1.5560574115713453, '1.1*mean': 1.71166315272848, '1.2*mean': 1.8672688938856141, 'median': 1.5309025925681496, '1.1*median': 1.6839928518249647, '1.2*median': 1.8370831110817796}
(0.3, 0.6, 0.73, 0.8) {'mean': 1.5886446550290825, '1.1*mean': 1.7475091205319908, '1.2*mean': 1.906373586034899, 'median': 1.564579741729806, '1.1*median': 1.7210377159027868, '1.2*median': 1.877495690075767}
(0.3, 0.6, 0.73, 0.85) {'mean': 1.6198938624229717, '1.1*mean': 1.7818832486652691, '1.2*mean': 1.943872634907566, 'median': 1.6070368468138774, '1.1*median': 1.7677405314952652, '1.2*median': 1.9284442161766528}
(0.35, 0.5, 0.63, 0.75) {'mean': 1.4540075705002944, '1.1*mean': 1.599408327550324, '1.2*mean': 1.7448090846003532, 'median': 1.4299183796252137, '1.1*median': 1.5729102175877352, '1.2*median': 1.7159020555502564}
(0.35, 0.5, 0.63, 0.8) {'mean': 1.485991209622579, '1.1*mean': 1.6345903305848368, '1.2*mean': 1.7831894515470947, 'median': 1.462322895072523, '1.1*median': 1.6085551845797756, '1.2*median': 1.7547874740870277}
(0.35, 0.5, 0.63, 0.85) {'mean': 1.515974445323796, '1.1*mean': 1.6675718898561758, '1.2*mean': 1.819169334388555, 'median': 1.4985051254353903, '1.1*median': 1.6483556379789295, '1.2*median': 1.7982061505224682}
(0.35, 0.5, 0.68, 0.75) {'mean': 1.4880376400851179, '1.1*mean': 1.6368414040936297, '1.2*mean': 1.7856451681021415, 'median': 1.4632987070136347, '1.1*median': 1.6096285777149983, '1.2*median': 1.7559584484163617}
(0.35, 0.5, 0.68, 0.8) {'mean': 1.5178714276885819, '1.1*mean': 1.6696585704574403, '1.2*mean': 1.8214457132262982, 'median': 1.495465010699594, '1.1*median': 1.6450115117695534, '1.2*median': 1.7945580128395127}
(0.35, 0.5, 0.68, 0.85) {'mean': 1.5529688261263912, '1.1*mean': 1.7082657087390305, '1.2*mean': 1.8635625913516694, 'median': 1.5297318927649521, '1.1*median': 1.6827050820414475, '1.2*median': 1.8356782713179425}
(0.35, 0.5, 0.73, 0.75) {'mean': 1.5197684100533677, '1.1*mean': 1.6717452510587045, '1.2*mean': 1.8237220920640411, 'median': 1.4987468065243634, '1.1*median': 1.6486214871768, '1.2*median': 1.7984961678292362}
(0.35, 0.5, 0.73, 0.8) {'mean': 1.554859660183732, '1.1*mean': 1.7103456262021053, '1.2*mean': 1.8658315922204782, 'median': 1.5301666792472846, '1.1*median': 1.6831833471720132, '1.2*median': 1.8362000150967415}
(0.35, 0.5, 0.73, 0.85) {'mean': 1.5873834191814036, '1.1*mean': 1.746121761099544, '1.2*mean': 1.9048601030176842, 'median': 1.5634762418887056, '1.1*median': 1.7198238660775762, '1.2*median': 1.8761714902664466}
(0.35, 0.55, 0.63, 0.75) {'mean': 1.486429858267218, '1.1*mean': 1.63507284409394, '1.2*mean': 1.7837158299206615, 'median': 1.4616214021862146, '1.1*median': 1.6077835424048361, '1.2*median': 1.7539456826234574}
(0.35, 0.55, 0.63, 0.8) {'mean': 1.5163596691147398, '1.1*mean': 1.667995636026214, '1.2*mean': 1.8196316029376878, 'median': 1.4960146446285487, '1.1*median': 1.6456161090914037, '1.2*median': 1.7952175735542584}
(0.35, 0.55, 0.63, 0.85) {'mean': 1.551467201125826, '1.1*mean': 1.7066139212384086, '1.2*mean': 1.861760641350991, 'median': 1.5300636677172952, '1.1*median': 1.6830700344890248, '1.2*median': 1.8360764012607542}
(0.35, 0.55, 0.68, 0.75) {'mean': 1.5182566514795257, '1.1*mean': 1.6700823166274785, '1.2*mean': 1.8219079817754307, 'median': 1.4946415967631044, '1.1*median': 1.644105756439415, '1.2*median': 1.7935699161157252}
(0.35, 0.55, 0.68, 0.8) {'mean': 1.5533580351831666, '1.1*mean': 1.7086938387014834, '1.2*mean': 1.8640296422198, 'median': 1.5276656561971502, '1.1*median': 1.6804322218168655, '1.2*median': 1.8331987874365803}
(0.35, 0.55, 0.68, 0.85) {'mean': 1.5857926055229765, '1.1*mean': 1.7443718660752743, '1.2*mean': 1.9029511266275718, 'median': 1.561632046896146, '1.1*median': 1.7177952515857606, '1.2*median': 1.873958456275375}
(0.35, 0.55, 0.73, 0.75) {'mean': 1.5552488692405073, '1.1*mean': 1.7107737561645582, '1.2*mean': 1.8662986430886086, 'median': 1.5313891863913718, '1.1*median': 1.6845281050305092, '1.2*median': 1.837667023669646}
(0.35, 0.55, 0.73, 0.8) {'mean': 1.5878284730773953, '1.1*mean': 1.746611320385135, '1.2*mean': 1.9053941676928743, 'median': 1.563683661081959, '1.1*median': 1.7200520271901552, '1.2*median': 1.8764203932983508}
(0.35, 0.55, 0.73, 0.85) {'mean': 1.6190746342170217, '1.1*mean': 1.780982097638724, '1.2*mean': 1.942889561060426, 'median': 1.605111923182454, '1.1*median': 1.7656231155006996, '1.2*median': 1.9261343078189448}
(0.35, 0.6, 0.63, 0.75) {'mean': 1.5167448929056835, '1.1*mean': 1.668419382196252, '1.2*mean': 1.82009387148682, 'median': 1.4943326429956545, '1.1*median': 1.64376590729522, '1.2*median': 1.7931991715947853}
(0.35, 0.6, 0.63, 0.8) {'mean': 1.5518564101826013, '1.1*mean': 1.7070420512008617, '1.2*mean': 1.8622276922191214, 'median': 1.527997431149493, '1.1*median': 1.6807971742644425, '1.2*median': 1.8335969173793916}
(0.35, 0.6, 0.63, 0.85) {'mean': 1.5842017918645492, '1.1*mean': 1.7426219710510042, '1.2*mean': 1.901042150237459, 'median': 1.558023389943696, '1.1*median': 1.7138257289380656, '1.2*median': 1.869628067932435}
(0.35, 0.6, 0.68, 0.75) {'mean': 1.553747244239942, '1.1*mean': 1.7091219686639363, '1.2*mean': 1.8644966930879303, 'median': 1.5284312061231717, '1.1*median': 1.681274326735489, '1.2*median': 1.834117447347806}
(0.35, 0.6, 0.68, 0.8) {'mean': 1.5862376594189682, '1.1*mean': 1.7448614253608652, '1.2*mean': 1.9034851913027617, 'median': 1.5600750041295088, '1.1*median': 1.71608250454246, '1.2*median': 1.8720900049554106}
(0.35, 0.6, 0.68, 0.85) {'mean': 1.6175061133113973, '1.1*mean': 1.779256724642537, '1.2*mean': 1.9410073359736766, 'median': 1.6036457173429837, '1.1*median': 1.7640102890772822, '1.2*median': 1.9243748608115803}
(0.35, 0.6, 0.73, 0.75) {'mean': 1.5882735269733868, '1.1*mean': 1.7471008796707255, '1.2*mean': 1.905928232368064, 'median': 1.5643606535937693, '1.1*median': 1.7207967189531463, '1.2*median': 1.8772327843125232}
(0.35, 0.6, 0.73, 0.8) {'mean': 1.6195347394422694, '1.1*mean': 1.7814882133864964, '1.2*mean': 1.9434416873307232, 'median': 1.6046282027613068, '1.1*median': 1.7650910230374377, '1.2*median': 1.9255538433135682}
(0.35, 0.6, 0.73, 0.85) {'mean': 1.6515642057983695, '1.1*mean': 1.8167206263782065, '1.2*mean': 1.9818770469580433, 'median': 1.6384996267980316, '1.1*median': 1.802349589477835, '1.2*median': 1.9661995521576379}
(0.4, 0.5, 0.63, 0.75) {'mean': 1.4856148889614398, '1.1*mean': 1.634176377857584, '1.2*mean': 1.7827378667537277, 'median': 1.4593795649411367, '1.1*median': 1.6053175214352506, '1.2*median': 1.751255477929364}
(0.4, 0.5, 0.63, 0.8) {'mean': 1.5155476234731093, '1.1*mean': 1.6671023858204204, '1.2*mean': 1.8186571481677312, 'median': 1.4969958463558388, '1.1*median': 1.6466954309914228, '1.2*median': 1.7963950156270065}
(0.4, 0.5, 0.63, 0.85) {'mean': 1.550658658794988, '1.1*mean': 1.705724524674487, '1.2*mean': 1.8607903905539855, 'median': 1.5318522246178157, '1.1*median': 1.6850374470795975, '1.2*median': 1.8382226695413788}
(0.4, 0.5, 0.68, 0.75) {'mean': 1.5174446058378952, '1.1*mean': 1.6691890664216849, '1.2*mean': 1.820933527005474, 'median': 1.4966965597826387, '1.1*median': 1.6463662157609027, '1.2*median': 1.7960358717391665}
(0.4, 0.5, 0.68, 0.8) {'mean': 1.5525494928523287, '1.1*mean': 1.7078044421375618, '1.2*mean': 1.8630593914227944, 'median': 1.5300104509945225, '1.1*median': 1.6830114960939748, '1.2*median': 1.836012541193427}
(0.4, 0.5, 0.68, 0.85) {'mean': 1.5849764235712893, '1.1*mean': 1.7434740659284185, '1.2*mean': 1.9019717082855472, 'median': 1.5592912454432089, '1.1*median': 1.71522036998753, '1.2*median': 1.8711494945318505}
(0.4, 0.5, 0.73, 0.75) {'mean': 1.5544403269096694, '1.1*mean': 1.7098843596006366, '1.2*mean': 1.865328392291603, 'median': 1.531875780214594, '1.1*median': 1.6850633582360535, '1.2*median': 1.8382509362575126}
(0.4, 0.5, 0.73, 0.8) {'mean': 1.587012291125708, '1.1*mean': 1.745713520238279, '1.2*mean': 1.9044147493508496, 'median': 1.5621944115795012, '1.1*median': 1.7184138527374515, '1.2*median': 1.8746332938954013}
(0.4, 0.5, 0.73, 0.85) {'mean': 1.6182554060110714, '1.1*mean': 1.7800809466121787, '1.2*mean': 1.9419064872132856, 'median': 1.6024631029637577, '1.1*median': 1.7627094132601335, '1.2*median': 1.9229557235565091}
(0.4, 0.55, 0.63, 0.75) {'mean': 1.515932847264053, '1.1*mean': 1.6675261319904584, '1.2*mean': 1.8191194167168634, 'median': 1.493686787156724, '1.1*median': 1.6430554658723966, '1.2*median': 1.7924241445880689}
(0.4, 0.55, 0.63, 0.8) {'mean': 1.5510478678517634, '1.1*mean': 1.7061526546369399, '1.2*mean': 1.861257441422116, 'median': 1.5290691423186824, '1.1*median': 1.6819760565505508, '1.2*median': 1.8348829707824188}
(0.4, 0.55, 0.63, 0.85) {'mean': 1.583385609912862, '1.1*mean': 1.7417241709041484, '1.2*mean': 1.9000627318954344, 'median': 1.5571273092958493, '1.1*median': 1.7128400402254345, '1.2*median': 1.8685527711550192}
(0.4, 0.55, 0.68, 0.75) {'mean': 1.552938701909104, '1.1*mean': 1.7082325721000147, '1.2*mean': 1.8635264422909248, 'median': 1.5296219855185047, '1.1*median': 1.6825841840703553, '1.2*median': 1.8355463826222056}
(0.4, 0.55, 0.68, 0.8) {'mean': 1.585421477467281, '1.1*mean': 1.7439636252140092, '1.2*mean': 1.902505772960737, 'median': 1.5591789234816622, '1.1*median': 1.7150968158298285, '1.2*median': 1.8710147081779946}
(0.4, 0.55, 0.68, 0.85) {'mean': 1.616686885105447, '1.1*mean': 1.778355573615992, '1.2*mean': 1.9400242621265362, 'median': 1.6006394026907091, '1.1*median': 1.7607033429597803, '1.2*median': 1.920767283228851}
(0.4, 0.55, 0.73, 0.75) {'mean': 1.5874573450216998, '1.1*mean': 1.7462030795238699, '1.2*mean': 1.9049488140260395, 'median': 1.5627736150959346, '1.1*median': 1.7190509766055282, '1.2*median': 1.8753283381151213}
(0.4, 0.55, 0.73, 0.8) {'mean': 1.6187155112363194, '1.1*mean': 1.7805870623599516, '1.2*mean': 1.9424586134835833, 'median': 1.6035002773489835, '1.1*median': 1.763850305083882, '1.2*median': 1.92420033281878}
(0.4, 0.55, 0.73, 0.85) {'mean': 1.6507225934641083, '1.1*mean': 1.8157948528105192, '1.2*mean': 1.98086711215693, 'median': 1.6360614787598509, '1.1*median': 1.799667626635836, '1.2*median': 1.963273774511821}
(0.4, 0.6, 0.63, 0.75) {'mean': 1.5514370769085388, '1.1*mean': 1.7065807845993928, '1.2*mean': 1.8617244922902465, 'median': 1.5268950336267575, '1.1*median': 1.6795845369894333, '1.2*median': 1.832274040352109}
(0.4, 0.6, 0.63, 0.8) {'mean': 1.5838306638088537, '1.1*mean': 1.7422137301897394, '1.2*mean': 1.9005967965706243, 'median': 1.555570266529212, '1.1*median': 1.7111272931821333, '1.2*median': 1.8666843198350542}
(0.4, 0.6, 0.63, 0.85) {'mean': 1.6151183641998226, '1.1*mean': 1.776630200619805, '1.2*mean': 1.938142037039787, 'median': 1.5983524886050122, '1.1*median': 1.7581877374655135, '1.2*median': 1.9180229863260145}
(0.4, 0.6, 0.68, 0.75) {'mean': 1.5858665313632725, '1.1*mean': 1.7444531844995999, '1.2*mean': 1.903039837635927, 'median': 1.5602198953760904, '1.1*median': 1.7162418849136996, '1.2*median': 1.8722638744513085}
(0.4, 0.6, 0.68, 0.8) {'mean': 1.617146990330695, '1.1*mean': 1.7788616893637645, '1.2*mean': 1.9405763883968339, 'median': 1.6012706371696002, '1.1*median': 1.7613977008865602, '1.2*median': 1.92152476460352}
(0.4, 0.6, 0.68, 0.85) {'mean': 1.6491626497137908, '1.1*mean': 1.81407891468517, '1.2*mean': 1.9789951796565488, 'median': 1.6338417683145385, '1.1*median': 1.7972259451459924, '1.2*median': 1.960610121977446}
(0.4, 0.6, 0.73, 0.75) {'mean': 1.6191756164615674, '1.1*mean': 1.7810931781077242, '1.2*mean': 1.9430107397538807, 'median': 1.6024906190282118, '1.1*median': 1.7627396809310332, '1.2*median': 1.9229887428338541}
(0.4, 0.6, 0.73, 0.8) {'mean': 1.6511944455952163, '1.1*mean': 1.8163138901547382, '1.2*mean': 1.9814333347142594, 'median': 1.6348038873013324, '1.1*median': 1.798284276031466, '1.2*median': 1.9617646647615987}
(0.4, 0.6, 0.73, 0.85) {'mean': 1.684144216884168, '1.1*mean': 1.852558638572585, '1.2*mean': 2.0209730602610017, 'median': 1.6673501679358533, '1.1*median': 1.8340851847294388, '1.2*median': 2.000820201523024}
(0.45, 0.5, 0.63, 0.75) {'mean': 1.5151208016224225, '1.1*mean': 1.666632881784665, '1.2*mean': 1.8181449619469068, 'median': 1.4946679888840144, '1.1*median': 1.644134787772416, '1.2*median': 1.7936015866608173}
(0.45, 0.5, 0.63, 0.8) {'mean': 1.5502393255209255, '1.1*mean': 1.7052632580730183, '1.2*mean': 1.8602871906251104, 'median': 1.5292368663837892, '1.1*median': 1.6821605530221682, '1.2*median': 1.835084239660547}
(0.45, 0.5, 0.63, 0.85) {'mean': 1.5825694279611748, '1.1*mean': 1.7408263707572924, '1.2*mean': 1.8990833135534098, 'median': 1.5560401778392516, '1.1*median': 1.711644195623177, '1.2*median': 1.8672482134071018}
(0.45, 0.5, 0.68, 0.75) {'mean': 1.5521301595782662, '1.1*mean': 1.7073431755360928, '1.2*mean': 1.8625561914939193, 'median': 1.5303662997910743, '1.1*median': 1.6834029297701818, '1.2*median': 1.836439559749289}
(0.45, 0.5, 0.68, 0.8) {'mean': 1.5846052955155936, '1.1*mean': 1.7430658250671531, '1.2*mean': 1.9015263546187122, 'median': 1.5593032182181739, '1.1*median': 1.7152335400399914, '1.2*median': 1.8711638618618085}
(0.45, 0.5, 0.68, 0.85) {'mean': 1.6158676568994967, '1.1*mean': 1.7774544225894466, '1.2*mean': 1.939041188279396, 'median': 1.5993530524055735, '1.1*median': 1.759288357646131, '1.2*median': 1.919223662886688}
(0.45, 0.5, 0.73, 0.75) {'mean': 1.5866411630700124, '1.1*mean': 1.7453052793770136, '1.2*mean': 1.9039693956840147, 'median': 1.5602291774589887, '1.1*median': 1.7162520952048876, '1.2*median': 1.8722750129507864}
(0.45, 0.5, 0.73, 0.8) {'mean': 1.6178962830303691, '1.1*mean': 1.7796859113334063, '1.2*mean': 1.941475539636443, 'median': 1.6029005893785429, '1.1*median': 1.7631906483163973, '1.2*median': 1.9234807072542512}
(0.45, 0.5, 0.73, 0.85) {'mean': 1.6506037643140705, '1.1*mean': 1.8156641407454777, '1.2*mean': 1.9807245171768846, 'median': 1.6345283032837543, '1.1*median': 1.7979811336121299, '1.2*median': 1.9614339639405052}
(0.45, 0.55, 0.63, 0.75) {'mean': 1.550628534577701, '1.1*mean': 1.7056913880354712, '1.2*mean': 1.860754241493241, 'median': 1.526453784084656, '1.1*median': 1.6790991624931217, '1.2*median': 1.8317445409015871}
(0.45, 0.55, 0.63, 0.8) {'mean': 1.5830144818571665, '1.1*mean': 1.7413159300428833, '1.2*mean': 1.8996173782285997, 'median': 1.5547905242606215, '1.1*median': 1.7102695766866838, '1.2*median': 1.8657486291127456}
(0.45, 0.55, 0.63, 0.85) {'mean': 1.6142991359938725, '1.1*mean': 1.7757290495932598, '1.2*mean': 1.937158963192647, 'median': 1.598425112365517, '1.1*median': 1.758267623602069, '1.2*median': 1.9181101348386205}
(0.45, 0.55, 0.68, 0.75) {'mean': 1.5850503494115853, '1.1*mean': 1.743555384352744, '1.2*mean': 1.9020604192939023, 'median': 1.5586616983213022, '1.1*median': 1.7145278681534326, '1.2*median': 1.8703940379855626}
(0.45, 0.55, 0.68, 0.8) {'mean': 1.6163277621247447, '1.1*mean': 1.7779605383372192, '1.2*mean': 1.9395933145496935, 'median': 1.6003312986177516, '1.1*median': 1.7603644284795268, '1.2*median': 1.9203975583413018}
(0.45, 0.55, 0.68, 0.85) {'mean': 1.6490487510950087, '1.1*mean': 1.8139536262045097, '1.2*mean': 1.9788585013140103, 'median': 1.6330625133367889, '1.1*median': 1.7963687646704678, '1.2*median': 1.9596750160041465}
(0.45, 0.55, 0.73, 0.75) {'mean': 1.6183563882556171, '1.1*mean': 1.780192027081179, '1.2*mean': 1.9420276659067404, 'median': 1.6006824830075808, '1.1*median': 1.760750731308339, '1.2*median': 1.9208189796090969}
(0.45, 0.55, 0.73, 0.8) {'mean': 1.6510786410717753, '1.1*mean': 1.816186505178953, '1.2*mean': 1.9812943692861302, 'median': 1.6342212027690004, '1.1*median': 1.7976433230459006, '1.2*median': 1.9610654433228003}
(0.45, 0.55, 0.73, 0.85) {'mean': 1.6846154241233546, '1.1*mean': 1.8530769665356903, '1.2*mean': 2.0215385089480256, 'median': 1.667343335352336, '1.1*median': 1.8340776688875697, '1.2*median': 2.000812002422803}
(0.45, 0.6, 0.63, 0.75) {'mean': 1.583459535753158, '1.1*mean': 1.741805489328474, '1.2*mean': 1.9001514429037896, 'median': 1.5560791371584115, '1.1*median': 1.7116870508742528, '1.2*median': 1.8672949645900938}
(0.45, 0.6, 0.63, 0.8) {'mean': 1.6147592412191205, '1.1*mean': 1.7762351653410327, '1.2*mean': 1.9377110894629446, 'median': 1.597332093625739, '1.1*median': 1.757065302988313, '1.2*median': 1.9167985123508866}
(0.45, 0.6, 0.63, 0.85) {'mean': 1.6474937378759469, '1.1*mean': 1.8122431116635418, '1.2*mean': 1.9769924854511363, 'median': 1.629183909831045, '1.1*median': 1.7921023008141497, '1.2*median': 1.955020691797254}
(0.45, 0.6, 0.68, 0.75) {'mean': 1.6167878673499927, '1.1*mean': 1.778466654084992, '1.2*mean': 1.9401454408199912, 'median': 1.5988011614383482, '1.1*median': 1.7586812775821832, '1.2*median': 1.9185613937260177}
(0.45, 0.6, 0.68, 0.8) {'mean': 1.6495236278527134, '1.1*mean': 1.814475990637985, '1.2*mean': 1.979428353423256, 'median': 1.6318048077704752, '1.1*median': 1.7949852885475228, '1.2*median': 1.9581657693245702}
(0.45, 0.6, 0.68, 0.85) {'mean': 1.6831050966462824, '1.1*mean': 1.8514156063109108, '1.2*mean': 2.019726115975539, 'median': 1.6634081522173934, '1.1*median': 1.8297489674391327, '1.2*median': 1.996089782660872}
(0.45, 0.6, 0.73, 0.75) {'mean': 1.6508246853920634, '1.1*mean': 1.81590715393127, '1.2*mean': 1.980989622470476, 'median': 1.6326346934440976, '1.1*median': 1.7958981627885076, '1.2*median': 1.959161632132917}
(0.45, 0.6, 0.73, 0.8) {'mean': 1.6851372237993854, '1.1*mean': 1.853650946179324, '1.2*mean': 2.0221646685592622, 'median': 1.6659645844184494, '1.1*median': 1.8325610428602945, '1.2*median': 1.9991575013021392}
(0.45, 0.6, 0.73, 0.85) {'mean': 1.7235558024769861, '1.1*mean': 1.895911382724685, '1.2*mean': 2.068266962972383, 'median': 1.6969900018156863, '1.1*median': 1.866689001997255, '1.2*median': 2.0363880021788234}
