(0.15, 0.3, 0.5, 0.75) {'mean': 1.22832473892705, '1.1*mean': 1.351157212819755, '1.2*mean': 1.47398968671246, 'median': 1.2254437842009873, '1.1*median': 1.3479881626210861, '1.2*median': 1.4705325410411847}
(0.15, 0.3, 0.5, 0.85) {'mean': 1.2996081793328849, '1.1*mean': 1.4295689972661734, '1.2*mean': 1.5595298151994619, 'median': 1.2983108597570194, '1.1*median': 1.4281419457327216, '1.2*median': 1.5579730317084233}
(0.15, 0.3, 0.5, 0.95) {'mean': 1.3708916197387198, '1.1*mean': 1.5079807817125919, '1.2*mean': 1.6450699436864638, 'median': 1.3694636019669115, '1.1*median': 1.506409962163603, '1.2*median': 1.6433563223602938}
(0.15, 0.3, 0.6, 0.75) {'mean': 1.2974173375629097, '1.1*mean': 1.4271590713192008, '1.2*mean': 1.5569008050754916, 'median': 1.291114192633614, '1.1*median': 1.4202256118969756, '1.2*median': 1.5493370311603367}
(0.15, 0.3, 0.6, 0.85) {'mean': 1.3687007779687448, '1.1*mean': 1.5055708557656193, '1.2*mean': 1.6424409335624937, 'median': 1.3648454059126411, '1.1*median': 1.5013299465039054, '1.2*median': 1.6378144870951694}
(0.15, 0.3, 0.6, 0.95) {'mean': 1.4399842183745797, '1.1*mean': 1.5839826402120378, '1.2*mean': 1.7279810620494955, 'median': 1.4383714732194084, '1.1*median': 1.5822086205413493, '1.2*median': 1.7260457678632901}
(0.15, 0.3, 0.7, 0.75) {'mean': 1.3665099361987694, '1.1*mean': 1.5031609298186464, '1.2*mean': 1.6398119234385231, 'median': 1.3618590747306372, '1.1*median': 1.498044982203701, '1.2*median': 1.6342308896767646}
(0.15, 0.3, 0.7, 0.85) {'mean': 1.4377933766046045, '1.1*mean': 1.581572714265065, '1.2*mean': 1.7253520519255254, 'median': 1.4318183373838227, '1.1*median': 1.575000171122205, '1.2*median': 1.7181820048605871}
(0.15, 0.3, 0.7, 0.95) {'mean': 1.5090768170104394, '1.1*mean': 1.6599844987114836, '1.2*mean': 1.810892180412527, 'median': 1.5050198867662135, '1.1*median': 1.655521875442835, '1.2*median': 1.8060238641194561}
(0.15, 0.4, 0.5, 0.75) {'mean': 1.3080408710452571, '1.1*mean': 1.4388449581497829, '1.2*mean': 1.5696490452543086, 'median': 1.3035793558422593, '1.1*median': 1.4339372914264854, '1.2*median': 1.564295227010711}
(0.15, 0.4, 0.5, 0.85) {'mean': 1.3793243114510922, '1.1*mean': 1.5172567425962016, '1.2*mean': 1.6551891737413107, 'median': 1.376122281147167, '1.1*median': 1.5137345092618837, '1.2*median': 1.6513467373766002}
(0.15, 0.4, 0.5, 0.95) {'mean': 1.4506077518569271, '1.1*mean': 1.59566852704262, '1.2*mean': 1.7407293022283126, 'median': 1.4491192278045637, '1.1*median': 1.5940311505850202, '1.2*median': 1.7389430733654765}
(0.15, 0.4, 0.6, 0.75) {'mean': 1.377133469681117, '1.1*mean': 1.5148468166492288, '1.2*mean': 1.6525601636173404, 'median': 1.3714101012144548, '1.1*median': 1.5085511113359005, '1.2*median': 1.6456921214573457}
(0.15, 0.4, 0.6, 0.85) {'mean': 1.448416910086952, '1.1*mean': 1.5932586010956473, '1.2*mean': 1.7381002921043422, 'median': 1.4433767133210766, '1.1*median': 1.5877143846531845, '1.2*median': 1.7320520559852919}
(0.15, 0.4, 0.6, 0.95) {'mean': 1.519700350492787, '1.1*mean': 1.6716703855420658, '1.2*mean': 1.8236404205913443, 'median': 1.5169471678250623, '1.1*median': 1.6686418846075688, '1.2*median': 1.8203366013900748}
(0.15, 0.4, 0.7, 0.75) {'mean': 1.4462260683169768, '1.1*mean': 1.5908486751486746, '1.2*mean': 1.7354712819803721, 'median': 1.4414439040241382, '1.1*median': 1.5855882944265522, '1.2*median': 1.7297326848289658}
(0.15, 0.4, 0.7, 0.85) {'mean': 1.5175095087228119, '1.1*mean': 1.6692604595950933, '1.2*mean': 1.8210114104673742, 'median': 1.511046990481109, '1.1*median': 1.66215168952922, '1.2*median': 1.8132563885773307}
(0.15, 0.4, 0.7, 0.95) {'mean': 1.5887929491286468, '1.1*mean': 1.7476722440415116, '1.2*mean': 1.9065515389543761, 'median': 1.5827536156279987, '1.1*median': 1.7410289771907987, '1.2*median': 1.8993043387535984}
(0.25, 0.3, 0.5, 0.75) {'mean': 1.3010497698266275, '1.1*mean': 1.4311547468092902, '1.2*mean': 1.561259723791953, 'median': 1.295578874618648, '1.1*median': 1.425136762080513, '1.2*median': 1.5546946495423777}
(0.25, 0.3, 0.5, 0.85) {'mean': 1.3723332102324624, '1.1*mean': 1.5095665312557087, '1.2*mean': 1.6467998522789549, 'median': 1.3675270210232144, '1.1*median': 1.504279723125536, '1.2*median': 1.6410324252278572}
(0.25, 0.3, 0.5, 0.95) {'mean': 1.4436166506382975, '1.1*mean': 1.5879783157021274, '1.2*mean': 1.732339980765957, 'median': 1.4396961635288752, '1.1*median': 1.5836657798817628, '1.2*median': 1.7276353962346502}
(0.25, 0.3, 0.6, 0.75) {'mean': 1.3701423684624872, '1.1*mean': 1.507156605308736, '1.2*mean': 1.6441708421549845, 'median': 1.363835955435694, '1.1*median': 1.5002195509792635, '1.2*median': 1.6366031465228328}
(0.25, 0.3, 0.6, 0.85) {'mean': 1.4414258088683223, '1.1*mean': 1.5855683897551547, '1.2*mean': 1.7297109706419866, 'median': 1.434950877380634, '1.1*median': 1.5784459651186977, '1.2*median': 1.721941052856761}
(0.25, 0.3, 0.6, 0.95) {'mean': 1.5127092492741572, '1.1*mean': 1.663980174201573, '1.2*mean': 1.8152510991289885, 'median': 1.5088538662594393, '1.1*median': 1.6597392528853834, '1.2*median': 1.810624639511327}
(0.25, 0.3, 0.7, 0.75) {'mean': 1.439234967098347, '1.1*mean': 1.583158463808182, '1.2*mean': 1.7270819605180165, 'median': 1.4336136203844456, '1.1*median': 1.5769749824228902, '1.2*median': 1.7203363444613347}
(0.25, 0.3, 0.7, 0.85) {'mean': 1.510518407504182, '1.1*mean': 1.6615702482546004, '1.2*mean': 1.8126220890050182, 'median': 1.504033224675464, '1.1*median': 1.6544365471430105, '1.2*median': 1.8048398696105568}
(0.25, 0.3, 0.7, 0.95) {'mean': 1.581801847910017, '1.1*mean': 1.739982032701019, '1.2*mean': 1.8981622174920205, 'median': 1.5744143210058479, '1.1*median': 1.731855753106433, '1.2*median': 1.8892971852070173}
(0.25, 0.4, 0.5, 0.75) {'mean': 1.3807659019448348, '1.1*mean': 1.5188424921393184, '1.2*mean': 1.6569190823338018, 'median': 1.3737507809669416, '1.1*median': 1.5111258590636358, '1.2*median': 1.6485009371603299}
(0.25, 0.4, 0.5, 0.85) {'mean': 1.4520493423506697, '1.1*mean': 1.597254276585737, '1.2*mean': 1.7424592108208037, 'median': 1.445408232224963, '1.1*median': 1.5899490554474596, '1.2*median': 1.7344898786699556}
(0.25, 0.4, 0.5, 0.95) {'mean': 1.5233327827565046, '1.1*mean': 1.6756660610321552, '1.2*mean': 1.8279993393078056, 'median': 1.5172733302778747, '1.1*median': 1.6690006633056622, '1.2*median': 1.8207279963334495}
(0.25, 0.4, 0.6, 0.75) {'mean': 1.4498585005806945, '1.1*mean': 1.5948443506387642, '1.2*mean': 1.7398302006968334, 'median': 1.443086816477584, '1.1*median': 1.5873954981253426, '1.2*median': 1.7317041797731008}
(0.25, 0.4, 0.6, 0.85) {'mean': 1.5211419409865294, '1.1*mean': 1.6732561350851824, '1.2*mean': 1.8253703291838352, 'median': 1.513277828602164, '1.1*median': 1.6646056114623806, '1.2*median': 1.8159333943225966}
(0.25, 0.4, 0.6, 0.95) {'mean': 1.5924253813923646, '1.1*mean': 1.7516679195316012, '1.2*mean': 1.9109104576708373, 'median': 1.586909532598484, '1.1*median': 1.7456004858583327, '1.2*median': 1.9042914391181809}
(0.25, 0.4, 0.7, 0.75) {'mean': 1.5189510992165542, '1.1*mean': 1.67084620913821, '1.2*mean': 1.822741319059865, 'median': 1.5135776626934012, '1.1*median': 1.6649354289627414, '1.2*median': 1.8162931952320813}
(0.25, 0.4, 0.7, 0.85) {'mean': 1.5902345396223894, '1.1*mean': 1.7492579935846284, '1.2*mean': 1.9082814475468672, 'median': 1.5837766797456807, '1.1*median': 1.742154347720249, '1.2*median': 1.9005320156948167}
(0.25, 0.4, 0.7, 0.95) {'mean': 1.6646868609434622, '1.1*mean': 1.8311555470378085, '1.2*mean': 1.9976242331321545, 'median': 1.654692503259945, '1.1*median': 1.8201617535859398, '1.2*median': 1.985631003911934}
