(0.15, 0.3, 0.5, 0.75) {'mean': 1.1951549210559147, '1.1*mean': 1.3146704131615063, '1.2*mean': 1.4341859052670975, 'median': 1.1898567967652751, '1.1*median': 1.3088424764418027, '1.2*median': 1.4278281561183301}
(0.15, 0.3, 0.5, 0.8) {'mean': 1.2285090058736285, '1.1*mean': 1.3513599064609916, '1.2*mean': 1.4742108070483542, 'median': 1.2238274284785733, '1.1*median': 1.3462101713264307, '1.2*median': 1.468592914174288}
(0.15, 0.3, 0.5, 0.85) {'mean': 1.261863090691342, '1.1*mean': 1.3880493997604764, '1.2*mean': 1.5142357088296103, 'median': 1.2577980601918715, '1.1*median': 1.3835778662110587, '1.2*median': 1.5093576722302458}
(0.15, 0.3, 0.5, 0.9) {'mean': 1.2952171755090558, '1.1*mean': 1.4247388930599616, '1.2*mean': 1.554260610610867, 'median': 1.2915919858053508, '1.1*median': 1.420751184385886, '1.2*median': 1.549910382966421}
(0.15, 0.3, 0.5, 0.95) {'mean': 1.3285712603267692, '1.1*mean': 1.4614283863594462, '1.2*mean': 1.594285512392123, 'median': 1.3237942431816307, '1.1*median': 1.456173667499794, '1.2*median': 1.588553091817957}
(0.15, 0.3, 0.55, 0.75) {'mean': 1.2320919053795094, '1.1*mean': 1.3553010959174605, '1.2*mean': 1.4785102864554112, 'median': 1.2292332671489112, '1.1*median': 1.3521565938638025, '1.2*median': 1.4750799205786935}
(0.15, 0.3, 0.55, 0.8) {'mean': 1.265445990197223, '1.1*mean': 1.3919905892169455, '1.2*mean': 1.5185351882366676, 'median': 1.2620800405717947, '1.1*median': 1.3882880446289743, '1.2*median': 1.5144960486861536}
(0.15, 0.3, 0.55, 0.85) {'mean': 1.2988000750149367, '1.1*mean': 1.4286800825164305, '1.2*mean': 1.558560090017924, 'median': 1.2960506722850929, '1.1*median': 1.4256557395136022, '1.2*median': 1.5552608067421114}
(0.15, 0.3, 0.55, 0.9) {'mean': 1.3321541598326503, '1.1*mean': 1.4653695758159155, '1.2*mean': 1.5985849917991803, 'median': 1.3298504676571654, '1.1*median': 1.4628355144228822, '1.2*median': 1.5958205611885985}
(0.15, 0.3, 0.55, 0.95) {'mean': 1.365508244650364, '1.1*mean': 1.5020590691154003, '1.2*mean': 1.6386098935804367, 'median': 1.362052725033445, '1.1*median': 1.4982579975367898, '1.2*median': 1.634463270040134}
(0.15, 0.3, 0.6, 0.75) {'mean': 1.2690288897031041, '1.1*mean': 1.3959317786734147, '1.2*mean': 1.522834667643725, 'median': 1.2663620209517177, '1.1*median': 1.3929982230468896, '1.2*median': 1.5196344251420613}
(0.15, 0.3, 0.6, 0.8) {'mean': 1.3023829745208177, '1.1*mean': 1.4326212719728997, '1.2*mean': 1.5628595694249812, 'median': 1.3004035072775588, '1.1*median': 1.430443858005315, '1.2*median': 1.5604842087330706}
(0.15, 0.3, 0.6, 0.85) {'mean': 1.3357370593385314, '1.1*mean': 1.4693107652723847, '1.2*mean': 1.6028844712062376, 'median': 1.334303284378314, '1.1*median': 1.4677336128161456, '1.2*median': 1.6011639412539769}
(0.15, 0.3, 0.6, 0.9) {'mean': 1.369091144156245, '1.1*mean': 1.5060002585718697, '1.2*mean': 1.642909372987494, 'median': 1.3677925308166006, '1.1*median': 1.5045717838982609, '1.2*median': 1.6413510369799207}
(0.15, 0.3, 0.6, 0.95) {'mean': 1.4024452289739586, '1.1*mean': 1.5426897518713547, '1.2*mean': 1.6829342747687503, 'median': 1.4003112068852597, '1.1*median': 1.5403423275737858, '1.2*median': 1.6803734482623116}
(0.15, 0.3, 0.65, 0.75) {'mean': 1.3059658740266986, '1.1*mean': 1.4365624614293686, '1.2*mean': 1.5671590488320384, 'median': 1.30333312785158, '1.1*median': 1.433666440636738, '1.2*median': 1.5639997534218961}
(0.15, 0.3, 0.65, 0.8) {'mean': 1.3393199588444122, '1.1*mean': 1.4732519547288536, '1.2*mean': 1.6071839506132946, 'median': 1.337143626570786, '1.1*median': 1.4708579892278646, '1.2*median': 1.604572351884943}
(0.15, 0.3, 0.65, 0.85) {'mean': 1.3726740436621259, '1.1*mean': 1.5099414480283386, '1.2*mean': 1.647208852394551, 'median': 1.3720115507173116, '1.1*median': 1.509212705789043, '1.2*median': 1.646413860860774}
(0.15, 0.3, 0.65, 0.9) {'mean': 1.4060281284798395, '1.1*mean': 1.5466309413278236, '1.2*mean': 1.6872337541758073, 'median': 1.4056911489709658, '1.1*median': 1.5462602638680625, '1.2*median': 1.686829378765159}
(0.15, 0.3, 0.65, 0.95) {'mean': 1.4393822132975531, '1.1*mean': 1.5833204346273086, '1.2*mean': 1.7272586559570637, 'median': 1.4383383251060977, '1.1*median': 1.5821721576167076, '1.2*median': 1.7260059901273173}
(0.15, 0.3, 0.7, 0.75) {'mean': 1.3429028583502933, '1.1*mean': 1.4771931441853228, '1.2*mean': 1.611483430020352, 'median': 1.3390268928037075, '1.1*median': 1.4729295820840784, '1.2*median': 1.606832271364449}
(0.15, 0.3, 0.7, 0.8) {'mean': 1.376256943168007, '1.1*mean': 1.5138826374848078, '1.2*mean': 1.6515083318016084, 'median': 1.3737210932218507, '1.1*median': 1.5110932025440358, '1.2*median': 1.6484653118662207}
(0.15, 0.3, 0.7, 0.85) {'mean': 1.4096110279857206, '1.1*mean': 1.5505721307842928, '1.2*mean': 1.6915332335828646, 'median': 1.407944209787039, '1.1*median': 1.548738630765743, '1.2*median': 1.6895330517444467}
(0.15, 0.3, 0.7, 0.9) {'mean': 1.4429651128034342, '1.1*mean': 1.5872616240837778, '1.2*mean': 1.731558135364121, 'median': 1.4418433985104229, '1.1*median': 1.5860277383614654, '1.2*median': 1.7302120782125074}
(0.15, 0.3, 0.7, 0.95) {'mean': 1.4763191976211478, '1.1*mean': 1.6239511173832628, '1.2*mean': 1.7715830371453773, 'median': 1.4757425872338066, '1.1*median': 1.6233168459571874, '1.2*median': 1.7708911046805678}
(0.15, 0.35, 0.5, 0.75) {'mean': 1.2327777579184538, '1.1*mean': 1.3560555337102993, '1.2*mean': 1.4793333095021446, 'median': 1.2257032767343747, '1.1*median': 1.3482736044078123, '1.2*median': 1.4708439320812496}
(0.15, 0.35, 0.5, 0.8) {'mean': 1.2661318427361674, '1.1*mean': 1.3927450270097843, '1.2*mean': 1.5193582112834008, 'median': 1.258977921935498, '1.1*median': 1.384875714129048, '1.2*median': 1.5107735063225975}
(0.15, 0.35, 0.5, 0.85) {'mean': 1.299485927553881, '1.1*mean': 1.4294345203092693, '1.2*mean': 1.5593831130646572, 'median': 1.2922525671366212, '1.1*median': 1.4214778238502834, '1.2*median': 1.5507030805639455}
(0.15, 0.35, 0.5, 0.9) {'mean': 1.3328400123715947, '1.1*mean': 1.4661240136087543, '1.2*mean': 1.5994080148459136, 'median': 1.3255272123377444, '1.1*median': 1.4580799335715189, '1.2*median': 1.5906326548052931}
(0.15, 0.35, 0.5, 0.95) {'mean': 1.3661940971893083, '1.1*mean': 1.5028135069082393, '1.2*mean': 1.63943291662717, 'median': 1.3592550284039981, '1.1*median': 1.495180531244398, '1.2*median': 1.6311060340847978}
(0.15, 0.35, 0.55, 0.75) {'mean': 1.2697147422420485, '1.1*mean': 1.3966862164662535, '1.2*mean': 1.5236576906904582, 'median': 1.2639016448649278, '1.1*median': 1.3902918093514207, '1.2*median': 1.5166819738379134}
(0.15, 0.35, 0.55, 0.8) {'mean': 1.3030688270597621, '1.1*mean': 1.4333757097657385, '1.2*mean': 1.5636825924717146, 'median': 1.2964029964500778, '1.1*median': 1.4260432960950857, '1.2*median': 1.5556835957400934}
(0.15, 0.35, 0.55, 0.85) {'mean': 1.3364229118774757, '1.1*mean': 1.4700652030652235, '1.2*mean': 1.6037074942529708, 'median': 1.3295663770706232, '1.1*median': 1.4625230147776855, '1.2*median': 1.5954796524847479}
(0.15, 0.35, 0.55, 0.9) {'mean': 1.3697769966951894, '1.1*mean': 1.5067546963647085, '1.2*mean': 1.6437323960342272, 'median': 1.3635370087839214, '1.1*median': 1.4998907096623135, '1.2*median': 1.6362444105407057}
(0.15, 0.35, 0.55, 0.95) {'mean': 1.403131081512903, '1.1*mean': 1.5434441896641935, '1.2*mean': 1.6837572978154836, 'median': 1.3975076404972195, '1.1*median': 1.5372584045469415, '1.2*median': 1.6770091685966635}
(0.15, 0.35, 0.6, 0.75) {'mean': 1.306651726565643, '1.1*mean': 1.4373168992222074, '1.2*mean': 1.5679820718787716, 'median': 1.30342285362079, '1.1*median': 1.433765138982869, '1.2*median': 1.5641074243449478}
(0.15, 0.35, 0.6, 0.8) {'mean': 1.3400058113833566, '1.1*mean': 1.4740063925216924, '1.2*mean': 1.608006973660028, 'median': 1.33592420520594, '1.1*median': 1.469516625726534, '1.2*median': 1.6031090462471278}
(0.15, 0.35, 0.6, 0.85) {'mean': 1.3733598962010702, '1.1*mean': 1.5106958858211774, '1.2*mean': 1.6480318754412842, 'median': 1.36842555679109, '1.1*median': 1.505268112470199, '1.2*median': 1.6421106681493078}
(0.15, 0.35, 0.6, 0.9) {'mean': 1.4067139810187839, '1.1*mean': 1.5473853791206624, '1.2*mean': 1.6880567772225405, 'median': 1.4017896208771425, '1.1*median': 1.5419685829648568, '1.2*median': 1.682147545052571}
(0.15, 0.35, 0.6, 0.95) {'mean': 1.4400680658364975, '1.1*mean': 1.5840748724201474, '1.2*mean': 1.728081679003797, 'median': 1.4357602525904407, '1.1*median': 1.5793362778494848, '1.2*median': 1.7229123031085287}
(0.15, 0.35, 0.65, 0.75) {'mean': 1.3435887108892377, '1.1*mean': 1.4779475819781616, '1.2*mean': 1.6123064530670852, 'median': 1.3381999297455813, '1.1*median': 1.4720199227201396, '1.2*median': 1.6058399156946976}
(0.15, 0.35, 0.65, 0.8) {'mean': 1.3769427957069513, '1.1*mean': 1.5146370752776466, '1.2*mean': 1.6523313548483416, 'median': 1.373347579535432, '1.1*median': 1.5106823374889753, '1.2*median': 1.6480170954425184}
(0.15, 0.35, 0.65, 0.85) {'mean': 1.410296880524665, '1.1*mean': 1.5513265685771316, '1.2*mean': 1.692356256629598, 'median': 1.4078677015369, '1.1*median': 1.5486544716905903, '1.2*median': 1.6894412418442801}
(0.15, 0.35, 0.65, 0.9) {'mean': 1.4436509653423786, '1.1*mean': 1.5880160618766166, '1.2*mean': 1.7323811584108542, 'median': 1.440448117132102, '1.1*median': 1.5844929288453122, '1.2*median': 1.7285377405585223}
(0.15, 0.35, 0.65, 0.95) {'mean': 1.4770050501600922, '1.1*mean': 1.6247055551761016, '1.2*mean': 1.7724060601921106, 'median': 1.474012864683662, '1.1*median': 1.6214141511520284, '1.2*median': 1.7688154376203944}
(0.15, 0.35, 0.7, 0.75) {'mean': 1.3805256952128322, '1.1*mean': 1.5185782647341155, '1.2*mean': 1.6566308342553986, 'median': 1.375804700353819, '1.1*median': 1.513385170389201, '1.2*median': 1.6509656404245827}
(0.15, 0.35, 0.7, 0.8) {'mean': 1.4138797800305458, '1.1*mean': 1.5552677580336005, '1.2*mean': 1.696655736036655, 'median': 1.4102548443860496, '1.1*median': 1.5512803288246548, '1.2*median': 1.6923058132632596}
(0.15, 0.35, 0.7, 0.85) {'mean': 1.4472338648482594, '1.1*mean': 1.5919572513330855, '1.2*mean': 1.7366806378179114, 'median': 1.4432737197753596, '1.1*median': 1.5876010917528955, '1.2*median': 1.7319284637304315}
(0.15, 0.35, 0.7, 0.9) {'mean': 1.480587949665973, '1.1*mean': 1.6286467446325705, '1.2*mean': 1.7767055395991675, 'median': 1.4781278162254188, '1.1*median': 1.6259405978479609, '1.2*median': 1.7737533794705025}
(0.15, 0.35, 0.7, 0.95) {'mean': 1.5139420344836867, '1.1*mean': 1.6653362379320555, '1.2*mean': 1.816730441380424, 'median': 1.5122654767768833, '1.1*median': 1.6634920244545717, '1.2*median': 1.8147185721322598}
(0.15, 0.4, 0.5, 0.75) {'mean': 1.2704005947809927, '1.1*mean': 1.397440654259092, '1.2*mean': 1.5244807137371912, 'median': 1.2635413547803553, '1.1*median': 1.389895490258391, '1.2*median': 1.5162496257364264}
(0.15, 0.4, 0.5, 0.8) {'mean': 1.3037546795987065, '1.1*mean': 1.4341301475585773, '1.2*mean': 1.5645056155184478, 'median': 1.2968159999814786, '1.1*median': 1.4264975999796266, '1.2*median': 1.5561791999777743}
(0.15, 0.4, 0.5, 0.85) {'mean': 1.33710876441642, '1.1*mean': 1.470819640858062, '1.2*mean': 1.6045305172997038, 'median': 1.3300906451826018, '1.1*median': 1.463099709700862, '1.2*median': 1.596108774219122}
(0.15, 0.4, 0.5, 0.9) {'mean': 1.3704628492341335, '1.1*mean': 1.507509134157547, '1.2*mean': 1.6445554190809601, 'median': 1.363365290383725, '1.1*median': 1.4997018194220977, '1.2*median': 1.63603834846047}
(0.15, 0.4, 0.5, 0.95) {'mean': 1.4038169340518472, '1.1*mean': 1.544198627457032, '1.2*mean': 1.6845803208622165, 'median': 1.3966399355848482, '1.1*median': 1.5363039291433331, '1.2*median': 1.6759679227018178}
(0.15, 0.4, 0.55, 0.75) {'mean': 1.3073375791045874, '1.1*mean': 1.4380713370150462, '1.2*mean': 1.5688050949255048, 'median': 1.298825436984068, '1.1*median': 1.428707980682475, '1.2*median': 1.5585905243808815}
(0.15, 0.4, 0.55, 0.8) {'mean': 1.340691663922301, '1.1*mean': 1.4747608303145312, '1.2*mean': 1.6088299967067612, 'median': 1.3321000821851912, '1.1*median': 1.4653100904037104, '1.2*median': 1.5985200986222294}
(0.15, 0.4, 0.55, 0.85) {'mean': 1.3740457487400146, '1.1*mean': 1.5114503236140162, '1.2*mean': 1.6488548984880176, 'median': 1.3653747273863144, '1.1*median': 1.5019122001249459, '1.2*median': 1.6384496728635771}
(0.15, 0.4, 0.55, 0.9) {'mean': 1.4073998335577282, '1.1*mean': 1.5481398169135012, '1.2*mean': 1.6888798002692738, 'median': 1.3986493725874376, '1.1*median': 1.5385143098461815, '1.2*median': 1.678379247104925}
(0.15, 0.4, 0.55, 0.95) {'mean': 1.4407539183754419, '1.1*mean': 1.5848293102129862, '1.2*mean': 1.7289047020505302, 'median': 1.4319240177885608, '1.1*median': 1.575116419567417, '1.2*median': 1.718308821346273}
(0.15, 0.4, 0.6, 0.75) {'mean': 1.344274563428182, '1.1*mean': 1.4787020197710004, '1.2*mean': 1.6131294761138184, 'median': 1.3380912313368065, '1.1*median': 1.4719003544704874, '1.2*median': 1.6057094776041678}
(0.15, 0.4, 0.6, 0.8) {'mean': 1.3776286482458957, '1.1*mean': 1.5153915130704854, '1.2*mean': 1.6531543778950748, 'median': 1.3705925829219563, '1.1*median': 1.507651841214152, '1.2*median': 1.6447110995063474}
(0.15, 0.4, 0.6, 0.85) {'mean': 1.4109827330636093, '1.1*mean': 1.5520810063699704, '1.2*mean': 1.6931792796763312, 'median': 1.4030939345071065, '1.1*median': 1.5434033279578172, '1.2*median': 1.6837127214085277}
(0.15, 0.4, 0.6, 0.9) {'mean': 1.444336817881323, '1.1*mean': 1.5887704996694554, '1.2*mean': 1.7332041814575876, 'median': 1.4355952860922563, '1.1*median': 1.579154814701482, '1.2*median': 1.7227143433107075}
(0.15, 0.4, 0.6, 0.95) {'mean': 1.4776909026990364, '1.1*mean': 1.6254599929689402, '1.2*mean': 1.7732290832388435, 'median': 1.4692759573759713, '1.1*median': 1.6162035531135686, '1.2*median': 1.7631311488511654}
(0.15, 0.4, 0.65, 0.75) {'mean': 1.3812115477517766, '1.1*mean': 1.5193327025269543, '1.2*mean': 1.6574538573021318, 'median': 1.3746836083535519, '1.1*median': 1.5121519691889072, '1.2*median': 1.6496203300242622}
(0.15, 0.4, 0.65, 0.8) {'mean': 1.4145656325694902, '1.1*mean': 1.5560221958264393, '1.2*mean': 1.6974787590833882, 'median': 1.4101137916778186, '1.1*median': 1.5511251708456006, '1.2*median': 1.6921365500133823}
(0.15, 0.4, 0.65, 0.85) {'mean': 1.4479197173872038, '1.1*mean': 1.5927116891259243, '1.2*mean': 1.7375036608646446, 'median': 1.4426151432629686, '1.1*median': 1.5868766575892657, '1.2*median': 1.7311381719155623}
(0.15, 0.4, 0.65, 0.9) {'mean': 1.4812738022049174, '1.1*mean': 1.6294011824254093, '1.2*mean': 1.777528562645901, 'median': 1.4751164948481186, '1.1*median': 1.6226281443329305, '1.2*median': 1.7701397938177423}
(0.15, 0.4, 0.65, 0.95) {'mean': 1.514627887022631, '1.1*mean': 1.6660906757248943, '1.2*mean': 1.8175534644271572, 'median': 1.5076178464332686, '1.1*median': 1.6583796310765955, '1.2*median': 1.8091414157199222}
(0.15, 0.4, 0.7, 0.75) {'mean': 1.4181485320753713, '1.1*mean': 1.5599633852829085, '1.2*mean': 1.7017782384904454, 'median': 1.4113111475608449, '1.1*median': 1.5524422623169294, '1.2*median': 1.6935733770730137}
(0.15, 0.4, 0.7, 0.8) {'mean': 1.451502616893085, '1.1*mean': 1.5966528785823935, '1.2*mean': 1.7418031402717018, 'median': 1.444330022950155, '1.1*median': 1.5887630252451705, '1.2*median': 1.7331960275401859}
(0.15, 0.4, 0.7, 0.85) {'mean': 1.4848567017107985, '1.1*mean': 1.6333423718818785, '1.2*mean': 1.7818280420529582, 'median': 1.4794638450435387, '1.1*median': 1.6274102295478927, '1.2*median': 1.7753566140522463}
(0.15, 0.4, 0.7, 0.9) {'mean': 1.5182107865285122, '1.1*mean': 1.6700318651813635, '1.2*mean': 1.8218529438342146, 'median': 1.5146377036039804, '1.1*median': 1.6661014739643787, '1.2*median': 1.8175652443247765}
(0.15, 0.4, 0.7, 0.95) {'mean': 1.5515648713462258, '1.1*mean': 1.7067213584808485, '1.2*mean': 1.8618778456154708, 'median': 1.5471390551891304, '1.1*median': 1.7018529607080437, '1.2*median': 1.8565668662269563}
(0.15, 0.45, 0.5, 0.75) {'mean': 1.3080234316435317, '1.1*mean': 1.438825774807885, '1.2*mean': 1.569628117972238, 'median': 1.3007173563134682, '1.1*median': 1.4307890919448152, '1.2*median': 1.5608608275761617}
(0.15, 0.45, 0.5, 0.8) {'mean': 1.3413775164612454, '1.1*mean': 1.47551526810737, '1.2*mean': 1.6096530197534944, 'median': 1.3343464778028529, '1.1*median': 1.4677811255831383, '1.2*median': 1.6012157733634234}
(0.15, 0.45, 0.5, 0.85) {'mean': 1.374731601278959, '1.1*mean': 1.512204761406855, '1.2*mean': 1.6496779215347508, 'median': 1.3679287232285824, '1.1*median': 1.5047215955514408, '1.2*median': 1.6415144678742988}
(0.15, 0.45, 0.5, 0.9) {'mean': 1.4080856860966726, '1.1*mean': 1.54889425470634, '1.2*mean': 1.6897028233160072, 'median': 1.4012033684297056, '1.1*median': 1.5413237052726763, '1.2*median': 1.6814440421156467}
(0.15, 0.45, 0.5, 0.95) {'mean': 1.4414397709143862, '1.1*mean': 1.585583748005825, '1.2*mean': 1.7297277250972634, 'median': 1.4344780136308288, '1.1*median': 1.577925814993912, '1.2*median': 1.7213736163569946}
(0.15, 0.45, 0.55, 0.75) {'mean': 1.3449604159671262, '1.1*mean': 1.479456457563839, '1.2*mean': 1.6139524991605514, 'median': 1.3366635150300483, '1.1*median': 1.4703298665330533, '1.2*median': 1.6039962180360579}
(0.15, 0.45, 0.55, 0.8) {'mean': 1.37831450078484, '1.1*mean': 1.5161459508633242, '1.2*mean': 1.653977400941808, 'median': 1.3699381602311715, '1.1*median': 1.5069319762542888, '1.2*median': 1.6439257922774058}
(0.15, 0.45, 0.55, 0.85) {'mean': 1.4116685856025535, '1.1*mean': 1.552835444162809, '1.2*mean': 1.6940023027230642, 'median': 1.403212805432295, '1.1*median': 1.5435340859755247, '1.2*median': 1.683855366518754}
(0.15, 0.45, 0.55, 0.9) {'mean': 1.4450226704202673, '1.1*mean': 1.5895249374622942, '1.2*mean': 1.7340272045043208, 'median': 1.4364874506334182, '1.1*median': 1.5801361956967601, '1.2*median': 1.7237849407601018}
(0.15, 0.45, 0.55, 0.95) {'mean': 1.4783767552379807, '1.1*mean': 1.626214430761779, '1.2*mean': 1.7740521062855767, 'median': 1.4697620958345414, '1.1*median': 1.6167383054179958, '1.2*median': 1.7637145150014497}
(0.15, 0.45, 0.6, 0.75) {'mean': 1.381897400290721, '1.1*mean': 1.520087140319793, '1.2*mean': 1.658276880348865, 'median': 1.372759609052823, '1.1*median': 1.5100355699581054, '1.2*median': 1.6473115308633874}
(0.15, 0.45, 0.6, 0.8) {'mean': 1.4152514851084346, '1.1*mean': 1.556776633619278, '1.2*mean': 1.6983017821301214, 'median': 1.405260960637973, '1.1*median': 1.5457870567017704, '1.2*median': 1.6863131527655675}
(0.15, 0.45, 0.6, 0.85) {'mean': 1.4486055699261482, '1.1*mean': 1.593466126918763, '1.2*mean': 1.7383266839113778, 'median': 1.4384968876360071, '1.1*median': 1.582346576399608, '1.2*median': 1.7261962651632086}
(0.15, 0.45, 0.6, 0.9) {'mean': 1.4819596547438618, '1.1*mean': 1.6301556202182481, '1.2*mean': 1.7783515856926342, 'median': 1.4717715328371304, '1.1*median': 1.6189486861208435, '1.2*median': 1.7661258394045565}
(0.15, 0.45, 0.6, 0.95) {'mean': 1.5153137395615754, '1.1*mean': 1.6668451135177331, '1.2*mean': 1.8183764874738904, 'median': 1.5050461780382536, '1.1*median': 1.655550795842079, '1.2*median': 1.8060554136459042}
(0.15, 0.45, 0.65, 0.75) {'mean': 1.4188343846143157, '1.1*mean': 1.5607178230757472, '1.2*mean': 1.7026012615371788, 'median': 1.4119904931992489, '1.1*median': 1.553189542519174, '1.2*median': 1.6943885918390986}
(0.15, 0.45, 0.65, 0.8) {'mean': 1.4521884694320293, '1.1*mean': 1.5974073163752323, '1.2*mean': 1.742626163318435, 'median': 1.444782169393835, '1.1*median': 1.5892603863332186, '1.2*median': 1.7337386032726019}
(0.15, 0.45, 0.65, 0.85) {'mean': 1.485542554249743, '1.1*mean': 1.6340968096747173, '1.2*mean': 1.7826510650996914, 'median': 1.477283520978985, '1.1*median': 1.6250118730768837, '1.2*median': 1.772740225174782}
(0.15, 0.45, 0.65, 0.9) {'mean': 1.5188966390674565, '1.1*mean': 1.6707863029742023, '1.2*mean': 1.8226759668809478, 'median': 1.509784872564135, '1.1*median': 1.6607633598205487, '1.2*median': 1.811741847076962}
(0.15, 0.45, 0.65, 0.95) {'mean': 1.5522507238851702, '1.1*mean': 1.7074757962736873, '1.2*mean': 1.8627008686622042, 'median': 1.542286224149285, '1.1*median': 1.6965148465642137, '1.2*median': 1.8507434689791418}
(0.15, 0.45, 0.7, 0.75) {'mean': 1.4557713689379101, '1.1*mean': 1.6013485058317012, '1.2*mean': 1.7469256427254922, 'median': 1.4453863261249502, '1.1*median': 1.5899249587374453, '1.2*median': 1.7344635913499402}
(0.15, 0.45, 0.7, 0.8) {'mean': 1.4891254537556238, '1.1*mean': 1.6380379991311862, '1.2*mean': 1.7869505445067484, 'median': 1.4807998738616588, '1.1*median': 1.6288798612478248, '1.2*median': 1.7769598486339906}
(0.15, 0.45, 0.7, 0.85) {'mean': 1.5224795385733374, '1.1*mean': 1.6747274924306712, '1.2*mean': 1.8269754462880048, 'median': 1.516770729889236, '1.1*median': 1.6684478028781595, '1.2*median': 1.820124875867083}
(0.15, 0.45, 0.7, 0.9) {'mean': 1.555833623391051, '1.1*mean': 1.7114169857301562, '1.2*mean': 1.8670003480692612, 'median': 1.549306081319997, '1.1*median': 1.704236689451997, '1.2*median': 1.8591672975839963}
(0.15, 0.45, 0.7, 0.95) {'mean': 1.5891877082087646, '1.1*mean': 1.7481064790296412, '1.2*mean': 1.9070252498505176, 'median': 1.581807432905147, '1.1*median': 1.739988176195662, '1.2*median': 1.8981689194861764}
(0.2, 0.3, 0.5, 0.75) {'mean': 1.2284005158489248, '1.1*mean': 1.3512405674338175, '1.2*mean': 1.4740806190187097, 'median': 1.2241572754745733, '1.1*median': 1.3465730030220306, '1.2*median': 1.468988730569488}
(0.2, 0.3, 0.5, 0.8) {'mean': 1.2617546006666385, '1.1*mean': 1.3879300607333025, '1.2*mean': 1.514105520799966, 'median': 1.2574319206756965, '1.1*median': 1.3831751127432663, '1.2*median': 1.5089183048108359}
(0.2, 0.3, 0.5, 0.85) {'mean': 1.295108685484352, '1.1*mean': 1.4246195540327875, '1.2*mean': 1.5541304225812225, 'median': 1.2907065658768198, '1.1*median': 1.4197772224645018, '1.2*median': 1.5488478790521836}
(0.2, 0.3, 0.5, 0.9) {'mean': 1.3284627703020657, '1.1*mean': 1.4613090473322725, '1.2*mean': 1.5941553243624789, 'median': 1.323981211077943, '1.1*median': 1.4563793321857375, '1.2*median': 1.5887774532935315}
(0.2, 0.3, 0.5, 0.95) {'mean': 1.3618168551197793, '1.1*mean': 1.4979985406317573, '1.2*mean': 1.6341802261437353, 'median': 1.3572558562790662, '1.1*median': 1.492981441906973, '1.2*median': 1.6287070275348794}
(0.2, 0.3, 0.55, 0.75) {'mean': 1.2653375001725196, '1.1*mean': 1.3918712501897716, '1.2*mean': 1.5184050002070235, 'median': 1.2622230774026044, '1.1*median': 1.388445385142865, '1.2*median': 1.5146676928831253}
(0.2, 0.3, 0.55, 0.8) {'mean': 1.2986915849902332, '1.1*mean': 1.4285607434892567, '1.2*mean': 1.5584299019882797, 'median': 1.2947244289877546, '1.1*median': 1.4241968718865303, '1.2*median': 1.5536693147853056}
(0.2, 0.3, 0.55, 0.85) {'mean': 1.3320456698079468, '1.1*mean': 1.4652502367887417, '1.2*mean': 1.598454803769536, 'median': 1.3282763294252287, '1.1*median': 1.4611039623677518, '1.2*median': 1.5939315953102744}
(0.2, 0.3, 0.55, 0.9) {'mean': 1.3653997546256604, '1.1*mean': 1.5019397300882267, '1.2*mean': 1.6384797055507925, 'median': 1.3617211672098084, '1.1*median': 1.4978932839307895, '1.2*median': 1.63406540065177}
(0.2, 0.3, 0.55, 0.95) {'mean': 1.398753839443374, '1.1*mean': 1.5386292233877117, '1.2*mean': 1.6785046073320489, 'median': 1.393923424586088, '1.1*median': 1.533315767044697, '1.2*median': 1.6727081095033056}
(0.2, 0.3, 0.6, 0.75) {'mean': 1.302274484496114, '1.1*mean': 1.4325019329457256, '1.2*mean': 1.562729381395337, 'median': 1.3000844296876488, '1.1*median': 1.4300928726564137, '1.2*median': 1.5601013156251786}
(0.2, 0.3, 0.6, 0.8) {'mean': 1.335628569313828, '1.1*mean': 1.4691914262452108, '1.2*mean': 1.6027542831765935, 'median': 1.3342456377436165, '1.1*median': 1.4676702015179783, '1.2*median': 1.6010947652923397}
(0.2, 0.3, 0.6, 0.85) {'mean': 1.3689826541315413, '1.1*mean': 1.5058809195446956, '1.2*mean': 1.6427791849578495, 'median': 1.3667469893287665, '1.1*median': 1.5034216882616434, '1.2*median': 1.6400963871945198}
(0.2, 0.3, 0.6, 0.9) {'mean': 1.4023367389492551, '1.1*mean': 1.5425704128441808, '1.2*mean': 1.682804086739106, 'median': 1.3999796490616228, '1.1*median': 1.5399776139677852, '1.2*median': 1.6799755788739472}
(0.2, 0.3, 0.6, 0.95) {'mean': 1.4356908237669685, '1.1*mean': 1.5792599061436656, '1.2*mean': 1.7228289885203623, 'median': 1.4321819064379024, '1.1*median': 1.5754000970816928, '1.2*median': 1.718618287725483}
(0.2, 0.3, 0.65, 0.75) {'mean': 1.3392114688197088, '1.1*mean': 1.4731326157016797, '1.2*mean': 1.6070537625836505, 'median': 1.3364320974121866, '1.1*median': 1.4700753071534054, '1.2*median': 1.603718516894624}
(0.2, 0.3, 0.65, 0.8) {'mean': 1.3725655536374224, '1.1*mean': 1.5098221090011648, '1.2*mean': 1.647078664364907, 'median': 1.3707721055700919, '1.1*median': 1.5078493161271012, '1.2*median': 1.6449265266841102}
(0.2, 0.3, 0.65, 0.85) {'mean': 1.405919638455136, '1.1*mean': 1.5465116023006498, '1.2*mean': 1.687103566146163, 'median': 1.404781553611671, '1.1*median': 1.5452597089728382, '1.2*median': 1.685737864334005}
(0.2, 0.3, 0.65, 0.9) {'mean': 1.4392737232728496, '1.1*mean': 1.5832010956001348, '1.2*mean': 1.7271284679274195, 'median': 1.4382381309134373, '1.1*median': 1.5820619440047812, '1.2*median': 1.7258857570961248}
(0.2, 0.3, 0.65, 0.95) {'mean': 1.4726278080905633, '1.1*mean': 1.6198905888996198, '1.2*mean': 1.7671533697086759, 'median': 1.471115013999744, '1.1*median': 1.6182265153997184, '1.2*median': 1.7653380167996928}
(0.2, 0.3, 0.7, 0.75) {'mean': 1.3761484531433035, '1.1*mean': 1.513763298457634, '1.2*mean': 1.6513781437719641, 'median': 1.371771670104076, '1.1*median': 1.508948837114484, '1.2*median': 1.6461260041248913}
(0.2, 0.3, 0.7, 0.8) {'mean': 1.409502537961017, '1.1*mean': 1.550452791757119, '1.2*mean': 1.6914030455532205, 'median': 1.4064658705222195, '1.1*median': 1.5471124575744415, '1.2*median': 1.6877590446266633}
(0.2, 0.3, 0.7, 0.85) {'mean': 1.4428566227787307, '1.1*mean': 1.587142285056604, '1.2*mean': 1.731427947334477, 'median': 1.4414383649926417, '1.1*median': 1.5855822014919059, '1.2*median': 1.7297260379911699}
(0.2, 0.3, 0.7, 0.9) {'mean': 1.4762107075964443, '1.1*mean': 1.623831778356089, '1.2*mean': 1.771452849115733, 'median': 1.4758542713585057, '1.1*median': 1.6234396984943564, '1.2*median': 1.7710251256302068}
(0.2, 0.3, 0.7, 0.95) {'mean': 1.509564792414158, '1.1*mean': 1.660521271655574, '1.2*mean': 1.8114777508969895, 'median': 1.5086988701415316, '1.1*median': 1.659568757155685, '1.2*median': 1.810438644169838}
(0.2, 0.35, 0.5, 0.75) {'mean': 1.266023352711464, '1.1*mean': 1.3926256879826104, '1.2*mean': 1.5192280232537567, 'median': 1.261995353520554, '1.1*median': 1.3881948888726094, '1.2*median': 1.5143944242246647}
(0.2, 0.35, 0.5, 0.8) {'mean': 1.2993774375291776, '1.1*mean': 1.4293151812820954, '1.2*mean': 1.5592529250350131, 'median': 1.2952699987216771, '1.1*median': 1.424796998593845, '1.2*median': 1.5543239984660124}
(0.2, 0.35, 0.5, 0.85) {'mean': 1.3327315223468912, '1.1*mean': 1.4660046745815805, '1.2*mean': 1.5992778268162693, 'median': 1.3285446439228004, '1.1*median': 1.4613991083150806, '1.2*median': 1.5942535727073603}
(0.2, 0.35, 0.5, 0.9) {'mean': 1.3660856071646048, '1.1*mean': 1.5026941678810655, '1.2*mean': 1.6393027285975257, 'median': 1.3618192891239236, '1.1*median': 1.498001218036316, '1.2*median': 1.6341831469487083}
(0.2, 0.35, 0.5, 0.95) {'mean': 1.3994396919823184, '1.1*mean': 1.5393836611805505, '1.2*mean': 1.679327630378782, 'median': 1.3946240153769804, '1.1*median': 1.5340864169146786, '1.2*median': 1.6735488184523766}
(0.2, 0.35, 0.55, 0.75) {'mean': 1.3029603370350584, '1.1*mean': 1.4332563707385644, '1.2*mean': 1.56355240444207, 'median': 1.297279435724266, '1.1*median': 1.4270073792966929, '1.2*median': 1.5567353228691192}
(0.2, 0.35, 0.55, 0.8) {'mean': 1.3363144218527723, '1.1*mean': 1.4699458640380496, '1.2*mean': 1.6035773062233267, 'median': 1.3305540809253893, '1.1*median': 1.4636094890179283, '1.2*median': 1.596664897110467}
(0.2, 0.35, 0.55, 0.85) {'mean': 1.3696685066704857, '1.1*mean': 1.5066353573375344, '1.2*mean': 1.6436022080045827, 'median': 1.3638287261265127, '1.1*median': 1.5002115987391642, '1.2*median': 1.6365944713518152}
(0.2, 0.35, 0.55, 0.9) {'mean': 1.4030225914881995, '1.1*mean': 1.5433248506370196, '1.2*mean': 1.6836271097858393, 'median': 1.397103371327636, '1.1*median': 1.5368137084603997, '1.2*median': 1.6765240455931631}
(0.2, 0.35, 0.55, 0.95) {'mean': 1.436376676305913, '1.1*mean': 1.5800143439365044, '1.2*mean': 1.7236520115670955, 'median': 1.4303780165287592, '1.1*median': 1.5734158181816351, '1.2*median': 1.716453619834511}
(0.2, 0.35, 0.6, 0.75) {'mean': 1.3398973213586531, '1.1*mean': 1.4738870534945185, '1.2*mean': 1.6078767856303837, 'median': 1.336412663874483, '1.1*median': 1.4700539302619315, '1.2*median': 1.6036951966493798}
(0.2, 0.35, 0.6, 0.8) {'mean': 1.3732514061763668, '1.1*mean': 1.5105765467940035, '1.2*mean': 1.6479016874116401, 'median': 1.368914015459633, '1.1*median': 1.5058054170055966, '1.2*median': 1.6426968185515596}
