(0.15, 0.25, 0.5, 0.75) {'mean': 1.2187833757788096, '1.1*mean': 1.3406617133566907, '1.2*mean': 1.4625400509345714, 'median': 1.1844246006701007, '1.1*median': 1.302867060737111, '1.2*median': 1.4213095208041209}
(0.15, 0.25, 0.5, 0.85) {'mean': 1.2911421230809128, '1.1*mean': 1.4202563353890043, '1.2*mean': 1.5493705476970954, 'median': 1.255858479445863, '1.1*median': 1.3814443273904493, '1.2*median': 1.5070301753350355}
(0.15, 0.25, 0.5, 0.95) {'mean': 1.363500870383016, '1.1*mean': 1.4998509574213177, '1.2*mean': 1.6362010444596191, 'median': 1.3274258491651734, '1.1*median': 1.4601684340816907, '1.2*median': 1.592911018998208}
(0.15, 0.25, 0.6, 0.75) {'mean': 1.2909426710207197, '1.1*mean': 1.4200369381227917, '1.2*mean': 1.5491312052248636, 'median': 1.2547028674354137, '1.1*median': 1.3801731541789553, '1.2*median': 1.5056434409224964}
(0.15, 0.25, 0.6, 0.85) {'mean': 1.363301418322823, '1.1*mean': 1.4996315601551053, '1.2*mean': 1.6359617019873876, 'median': 1.325216626836754, '1.1*median': 1.4577382895204296, '1.2*median': 1.5902599522041048}
(0.15, 0.25, 0.6, 0.95) {'mean': 1.4356601656249262, '1.1*mean': 1.579226182187419, '1.2*mean': 1.7227921987499113, 'median': 1.3969327631822575, '1.1*median': 1.5366260395004834, '1.2*median': 1.6763193158187089}
(0.15, 0.25, 0.7, 0.75) {'mean': 1.36310196626263, '1.1*mean': 1.4994121628888932, '1.2*mean': 1.635722359515156, 'median': 1.3250583622690726, '1.1*median': 1.45756419849598, '1.2*median': 1.590070034722887}
(0.15, 0.25, 0.7, 0.85) {'mean': 1.4354607135647333, '1.1*mean': 1.5790067849212066, '1.2*mean': 1.72255285627768, 'median': 1.3953432518269997, '1.1*median': 1.5348775770096998, '1.2*median': 1.6744119021923995}
(0.15, 0.25, 0.7, 0.95) {'mean': 1.5240636779399002, '1.1*mean': 1.6764700457338904, '1.2*mean': 1.82887641352788, 'median': 1.468600288830796, '1.1*median': 1.6154603177138758, '1.2*median': 1.7623203465969552}
(0.15, 0.35, 0.5, 0.75) {'mean': 1.2997007559528204, '1.1*mean': 1.4296708315481026, '1.2*mean': 1.5596409071433845, 'median': 1.2653507600385594, '1.1*median': 1.3918858360424156, '1.2*median': 1.5184209120462713}
(0.15, 0.35, 0.5, 0.85) {'mean': 1.3720595032549237, '1.1*mean': 1.5092654535804162, '1.2*mean': 1.6464714039059083, 'median': 1.3353669805439696, '1.1*median': 1.4689036785983667, '1.2*median': 1.6024403766527635}
(0.15, 0.35, 0.5, 0.95) {'mean': 1.4444182505570269, '1.1*mean': 1.5888600756127298, '1.2*mean': 1.7333019006684323, 'median': 1.4053832010493794, '1.1*median': 1.5459215211543176, '1.2*median': 1.6864598412592553}
(0.15, 0.35, 0.6, 0.75) {'mean': 1.3718600511947305, '1.1*mean': 1.5090460563142036, '1.2*mean': 1.6462320614336765, 'median': 1.3356290268038722, '1.1*median': 1.4691919294842595, '1.2*median': 1.6027548321646465}
(0.15, 0.35, 0.6, 0.85) {'mean': 1.4442187984968338, '1.1*mean': 1.5886406783465172, '1.2*mean': 1.7330625581962005, 'median': 1.4056452473092822, '1.1*median': 1.5462097720402106, '1.2*median': 1.6867742967711385}
(0.15, 0.35, 0.6, 0.95) {'mean': 1.5323328769005014, '1.1*mean': 1.6855661645905515, '1.2*mean': 1.8387994522806015, 'median': 1.4771212102667124, '1.1*median': 1.6248333312933838, '1.2*median': 1.7725454523200548}
(0.15, 0.35, 0.7, 0.75) {'mean': 1.4440193464366409, '1.1*mean': 1.5884212810803051, '1.2*mean': 1.732823215723969, 'median': 1.405907293569185, '1.1*median': 1.5464980229261036, '1.2*median': 1.687088752283022}
(0.15, 0.35, 0.7, 0.85) {'mean': 1.5321996695383322, '1.1*mean': 1.6854196364921656, '1.2*mean': 1.8386396034459986, 'median': 1.4783726961003347, '1.1*median': 1.6262099657103684, '1.2*median': 1.7740472353204015}
(0.15, 0.35, 0.7, 0.95) {'mean': 1.6286073538414274, '1.1*mean': 1.7914680892255703, '1.2*mean': 1.9543288246097128, 'median': 1.5593831535454534, '1.1*median': 1.715321468899999, '1.2*median': 1.871259784254544}
(0.15, 0.45, 0.5, 0.75) {'mean': 1.3806181361268313, '1.1*mean': 1.5186799497395145, '1.2*mean': 1.6567417633521975, 'median': 1.346276919407018, '1.1*median': 1.48090461134772, '1.2*median': 1.6155323032884217}
(0.15, 0.45, 0.5, 0.85) {'mean': 1.4529768834289345, '1.1*mean': 1.598274571771828, '1.2*mean': 1.7435722601147214, 'median': 1.4162931399124283, '1.1*median': 1.5579224539036713, '1.2*median': 1.699551767894914}
(0.15, 0.45, 0.5, 0.95) {'mean': 1.5406020758611023, '1.1*mean': 1.6946622834472127, '1.2*mean': 1.8487224910333226, 'median': 1.4866822177240653, '1.1*median': 1.635350439496472, '1.2*median': 1.7840186612688782}
(0.15, 0.45, 0.6, 0.75) {'mean': 1.4527774313687416, '1.1*mean': 1.598055174505616, '1.2*mean': 1.7433329176424899, 'median': 1.4165551861723311, '1.1*median': 1.5582107047895644, '1.2*median': 1.6998662234067974}
(0.15, 0.45, 0.6, 0.85) {'mean': 1.5404688684989334, '1.1*mean': 1.6945157553488268, '1.2*mean': 1.84856264219872, 'median': 1.4877294816221085, '1.1*median': 1.6365024297843194, '1.2*median': 1.7852753779465302}
(0.15, 0.45, 0.6, 0.95) {'mean': 1.6389841370973421, '1.1*mean': 1.8028825508070765, '1.2*mean': 1.9667809645168104, 'median': 1.5675455728683119, '1.1*median': 1.7243001301551433, '1.2*median': 1.8810546874419742}
(0.15, 0.45, 0.7, 0.75) {'mean': 1.5403356611367645, '1.1*mean': 1.6943692272504411, '1.2*mean': 1.8484027933641172, 'median': 1.4880920338059518, '1.1*median': 1.636901237186547, '1.2*median': 1.785710440567142}
(0.15, 0.45, 0.7, 0.85) {'mean': 1.6350823483899222, '1.1*mean': 1.7985905832289146, '1.2*mean': 1.9620988180679064, 'median': 1.5674382530332367, '1.1*median': 1.7241820783365605, '1.2*median': 1.880925903639884}
(0.15, 0.45, 0.7, 0.95) {'mean': 1.704308708126767, '1.1*mean': 1.8747395789394439, '1.2*mean': 2.04517044975212, 'median': 1.6387881309226473, '1.1*median': 1.8026669440149121, '1.2*median': 1.9665457571071767}
